Traceback (most recent call last):
  File "/Library/Frameworks/Python.framework/Versions/3.10/lib/python3.10/site-packages/jupyter_cache/executors/utils.py", line 58, in single_nb_execution
    executenb(
  File "/Users/belka/Library/Python/3.10/lib/python/site-packages/nbclient/client.py", line 1265, in execute
    return NotebookClient(nb=nb, resources=resources, km=km, **kwargs).execute()
  File "/Users/belka/Library/Python/3.10/lib/python/site-packages/jupyter_core/utils/__init__.py", line 166, in wrapped
    return loop.run_until_complete(inner)
  File "/Library/Frameworks/Python.framework/Versions/3.10/lib/python3.10/asyncio/base_events.py", line 646, in run_until_complete
    return future.result()
  File "/Users/belka/Library/Python/3.10/lib/python/site-packages/nbclient/client.py", line 703, in async_execute
    await self.async_execute_cell(
  File "/Users/belka/Library/Python/3.10/lib/python/site-packages/nbclient/client.py", line 1021, in async_execute_cell
    await self._check_raise_for_error(cell, cell_index, exec_reply)
  File "/Users/belka/Library/Python/3.10/lib/python/site-packages/nbclient/client.py", line 915, in _check_raise_for_error
    raise CellExecutionError.from_cell_and_msg(cell, exec_reply_content)
nbclient.exceptions.CellExecutionError: An error occurred while executing the following cell:
------------------
cars_clusters = find_polygon_clusters(grid_main_clusters)
cars_clusters .explore(column='cluster', tiles='Esri.WorldImagery')
------------------

[0;31m---------------------------------------------------------------------------[0m
[0;31mNameError[0m                                 Traceback (most recent call last)
Cell [0;32mIn[11], line 1[0m
[0;32m----> 1[0m cars_clusters [38;5;241m=[39m [43mfind_polygon_clusters[49m[43m([49m[43mgrid_main_clusters[49m[43m)[49m
[1;32m      2[0m cars_clusters [38;5;241m.[39mexplore(column[38;5;241m=[39m[38;5;124m'[39m[38;5;124mcluster[39m[38;5;124m'[39m, tiles[38;5;241m=[39m[38;5;124m'[39m[38;5;124mEsri.WorldImagery[39m[38;5;124m'[39m)

Cell [0;32mIn[4], line 25[0m, in [0;36mfind_polygon_clusters[0;34m(gdf)[0m
[1;32m     23[0m [38;5;66;03m# Check if the polygon and its neighbors form a MultiPolygon[39;00m
[1;32m     24[0m [38;5;28;01mif[39;00m [38;5;28mlen[39m(neighbors) [38;5;241m>[39m [38;5;241m0[39m:
[0;32m---> 25[0m     merged_geometry [38;5;241m=[39m [43mMultiPolygon[49m([polygon[[38;5;124m'[39m[38;5;124mgeometry[39m[38;5;124m'[39m]] [38;5;241m+[39m [38;5;28mlist[39m(neighbors[[38;5;124m'[39m[38;5;124mgeometry[39m[38;5;124m'[39m]))
[1;32m     26[0m     polygon_groups[38;5;241m.[39mappend(merged_geometry)
[1;32m     28[0m     [38;5;66;03m# Assign the same cluster name to all neighbors[39;00m

[0;31mNameError[0m: name 'MultiPolygon' is not defined
NameError: name 'MultiPolygon' is not defined

